{
  "stats": {
    "suites": 1,
    "tests": 5,
    "passes": 5,
    "pending": 0,
    "failures": 0,
    "start": "2025-07-04T08:54:34.333Z",
    "end": "2025-07-04T08:54:48.488Z",
    "duration": 14155,
    "testsRegistered": 5,
    "passPercent": 100,
    "pendingPercent": 0,
    "other": 0,
    "hasOther": false,
    "skipped": 0,
    "hasSkipped": false
  },
  "results": [
    {
      "uuid": "1bd876d8-811b-45da-89dc-248b144c0cf2",
      "title": "",
      "fullFile": "cypress\\e2e\\features\\checkout.feature",
      "file": "cypress\\e2e\\features\\checkout.feature",
      "beforeHooks": [],
      "afterHooks": [],
      "tests": [],
      "suites": [
        {
          "uuid": "62c68961-3605-414c-9494-0b9d117e2a49",
          "title": "Checkout Process",
          "fullFile": "",
          "file": "",
          "beforeHooks": [],
          "afterHooks": [],
          "tests": [
            {
              "title": "Successful checkout",
              "fullTitle": "Checkout Process Successful checkout",
              "timedOut": null,
              "duration": 5479,
              "state": "passed",
              "speed": "medium",
              "pass": true,
              "fail": false,
              "pending": false,
              "context": null,
              "code": "const state = window.testState;\nreturn cy\n  .then(() => state.onStartScenario(scenario, indexedSteps))\n  .then(() =>\n    resolveAndRunBeforeHooks.call(this, scenario.tags, state.feature.name)\n  )\n  .then(() =>\n    indexedSteps.forEach((step) =>\n      stepTest.call(this, state, step, rowData)\n    )\n  )\n  .then(() => state.onFinishScenario(scenario));",
              "err": {},
              "uuid": "bc5b710f-362d-48ca-99ab-5422a3c85ddd",
              "parentUUID": "62c68961-3605-414c-9494-0b9d117e2a49",
              "isHook": false,
              "skipped": false
            },
            {
              "title": "Checkout with missing first name",
              "fullTitle": "Checkout Process Checkout with missing first name",
              "timedOut": null,
              "duration": 2512,
              "state": "passed",
              "speed": "fast",
              "pass": true,
              "fail": false,
              "pending": false,
              "context": null,
              "code": "const state = window.testState;\nreturn cy\n  .then(() => state.onStartScenario(scenario, indexedSteps))\n  .then(() =>\n    resolveAndRunBeforeHooks.call(this, scenario.tags, state.feature.name)\n  )\n  .then(() =>\n    indexedSteps.forEach((step) =>\n      stepTest.call(this, state, step, rowData)\n    )\n  )\n  .then(() => state.onFinishScenario(scenario));",
              "err": {},
              "uuid": "e5812854-2e4f-4f5d-a526-fa6f4807f572",
              "parentUUID": "62c68961-3605-414c-9494-0b9d117e2a49",
              "isHook": false,
              "skipped": false
            },
            {
              "title": "Checkout with missing postal code",
              "fullTitle": "Checkout Process Checkout with missing postal code",
              "timedOut": null,
              "duration": 1783,
              "state": "passed",
              "speed": "fast",
              "pass": true,
              "fail": false,
              "pending": false,
              "context": null,
              "code": "const state = window.testState;\nreturn cy\n  .then(() => state.onStartScenario(scenario, indexedSteps))\n  .then(() =>\n    resolveAndRunBeforeHooks.call(this, scenario.tags, state.feature.name)\n  )\n  .then(() =>\n    indexedSteps.forEach((step) =>\n      stepTest.call(this, state, step, rowData)\n    )\n  )\n  .then(() => state.onFinishScenario(scenario));",
              "err": {},
              "uuid": "10565605-56ec-485b-9f96-23c46347c4f1",
              "parentUUID": "62c68961-3605-414c-9494-0b9d117e2a49",
              "isHook": false,
              "skipped": false
            },
            {
              "title": "Verify total price with multiple items",
              "fullTitle": "Checkout Process Verify total price with multiple items",
              "timedOut": null,
              "duration": 2122,
              "state": "passed",
              "speed": "fast",
              "pass": true,
              "fail": false,
              "pending": false,
              "context": null,
              "code": "const state = window.testState;\nreturn cy\n  .then(() => state.onStartScenario(scenario, indexedSteps))\n  .then(() =>\n    resolveAndRunBeforeHooks.call(this, scenario.tags, state.feature.name)\n  )\n  .then(() =>\n    indexedSteps.forEach((step) =>\n      stepTest.call(this, state, step, rowData)\n    )\n  )\n  .then(() => state.onFinishScenario(scenario));",
              "err": {},
              "uuid": "64ad8434-8d6b-442c-a591-93192cb076de",
              "parentUUID": "62c68961-3605-414c-9494-0b9d117e2a49",
              "isHook": false,
              "skipped": false
            },
            {
              "title": "Cancel checkout process",
              "fullTitle": "Checkout Process Cancel checkout process",
              "timedOut": null,
              "duration": 1716,
              "state": "passed",
              "speed": "fast",
              "pass": true,
              "fail": false,
              "pending": false,
              "context": null,
              "code": "const state = window.testState;\nreturn cy\n  .then(() => state.onStartScenario(scenario, indexedSteps))\n  .then(() =>\n    resolveAndRunBeforeHooks.call(this, scenario.tags, state.feature.name)\n  )\n  .then(() =>\n    indexedSteps.forEach((step) =>\n      stepTest.call(this, state, step, rowData)\n    )\n  )\n  .then(() => state.onFinishScenario(scenario));",
              "err": {},
              "uuid": "143d4749-2e9b-482e-b2b1-25655cfc561c",
              "parentUUID": "62c68961-3605-414c-9494-0b9d117e2a49",
              "isHook": false,
              "skipped": false
            }
          ],
          "suites": [],
          "passes": [
            "bc5b710f-362d-48ca-99ab-5422a3c85ddd",
            "e5812854-2e4f-4f5d-a526-fa6f4807f572",
            "10565605-56ec-485b-9f96-23c46347c4f1",
            "64ad8434-8d6b-442c-a591-93192cb076de",
            "143d4749-2e9b-482e-b2b1-25655cfc561c"
          ],
          "failures": [],
          "pending": [],
          "skipped": [],
          "duration": 13612,
          "root": false,
          "rootEmpty": false,
          "_timeout": 2000
        }
      ],
      "passes": [],
      "failures": [],
      "pending": [],
      "skipped": [],
      "duration": 0,
      "root": true,
      "rootEmpty": true,
      "_timeout": 2000
    }
  ],
  "meta": {
    "mocha": {
      "version": "7.2.0"
    },
    "mochawesome": {
      "options": {
        "quiet": false,
        "reportFilename": "mochawesome",
        "saveHtml": false,
        "saveJson": true,
        "consoleReporter": "spec",
        "useInlineDiffs": false,
        "code": true
      },
      "version": "7.1.3"
    },
    "marge": {
      "options": {
        "reportDir": "cypress/reports",
        "overwrite": false,
        "html": false,
        "json": true
      },
      "version": "6.2.0"
    }
  }
}