{
  "stats": {
    "suites": 1,
    "tests": 5,
    "passes": 5,
    "pending": 0,
    "failures": 0,
    "start": "2025-07-04T08:55:07.239Z",
    "end": "2025-07-04T08:55:37.912Z",
    "duration": 30673,
    "testsRegistered": 5,
    "passPercent": 100,
    "pendingPercent": 0,
    "other": 0,
    "hasOther": false,
    "skipped": 0,
    "hasSkipped": false
  },
  "results": [
    {
      "uuid": "b462621e-9b9e-42f6-9ca7-e7bf9f267e3c",
      "title": "",
      "fullFile": "cypress\\e2e\\features\\shoppingCart.feature",
      "file": "cypress\\e2e\\features\\shoppingCart.feature",
      "beforeHooks": [],
      "afterHooks": [],
      "tests": [],
      "suites": [
        {
          "uuid": "04280e88-1f26-48ce-a16a-f495703661e3",
          "title": "Shopping Cart",
          "fullFile": "",
          "file": "",
          "beforeHooks": [],
          "afterHooks": [],
          "tests": [
            {
              "title": "Add item to cart",
              "fullTitle": "Shopping Cart Add item to cart",
              "timedOut": null,
              "duration": 24400,
              "state": "passed",
              "speed": "slow",
              "pass": true,
              "fail": false,
              "pending": false,
              "context": null,
              "code": "const state = window.testState;\nreturn cy\n  .then(() => state.onStartScenario(scenario, indexedSteps))\n  .then(() =>\n    resolveAndRunBeforeHooks.call(this, scenario.tags, state.feature.name)\n  )\n  .then(() =>\n    indexedSteps.forEach((step) =>\n      stepTest.call(this, state, step, rowData)\n    )\n  )\n  .then(() => state.onFinishScenario(scenario));",
              "err": {},
              "uuid": "e453e741-473c-4fbd-973d-9c29e9d7d348",
              "parentUUID": "04280e88-1f26-48ce-a16a-f495703661e3",
              "isHook": false,
              "skipped": false
            },
            {
              "title": "Remove item from cart",
              "fullTitle": "Shopping Cart Remove item from cart",
              "timedOut": null,
              "duration": 1535,
              "state": "passed",
              "speed": "fast",
              "pass": true,
              "fail": false,
              "pending": false,
              "context": null,
              "code": "const state = window.testState;\nreturn cy\n  .then(() => state.onStartScenario(scenario, indexedSteps))\n  .then(() =>\n    resolveAndRunBeforeHooks.call(this, scenario.tags, state.feature.name)\n  )\n  .then(() =>\n    indexedSteps.forEach((step) =>\n      stepTest.call(this, state, step, rowData)\n    )\n  )\n  .then(() => state.onFinishScenario(scenario));",
              "err": {},
              "uuid": "761d46e3-1358-460f-a5c2-71fa9ad8dac6",
              "parentUUID": "04280e88-1f26-48ce-a16a-f495703661e3",
              "isHook": false,
              "skipped": false
            },
            {
              "title": "Add multiple products",
              "fullTitle": "Shopping Cart Add multiple products",
              "timedOut": null,
              "duration": 1508,
              "state": "passed",
              "speed": "fast",
              "pass": true,
              "fail": false,
              "pending": false,
              "context": null,
              "code": "const state = window.testState;\nreturn cy\n  .then(() => state.onStartScenario(scenario, indexedSteps))\n  .then(() =>\n    resolveAndRunBeforeHooks.call(this, scenario.tags, state.feature.name)\n  )\n  .then(() =>\n    indexedSteps.forEach((step) =>\n      stepTest.call(this, state, step, rowData)\n    )\n  )\n  .then(() => state.onFinishScenario(scenario));",
              "err": {},
              "uuid": "9e747a93-a929-4bfb-98c2-c19673abb0e1",
              "parentUUID": "04280e88-1f26-48ce-a16a-f495703661e3",
              "isHook": false,
              "skipped": false
            },
            {
              "title": "Remove one of multiple items",
              "fullTitle": "Shopping Cart Remove one of multiple items",
              "timedOut": null,
              "duration": 1407,
              "state": "passed",
              "speed": "fast",
              "pass": true,
              "fail": false,
              "pending": false,
              "context": null,
              "code": "const state = window.testState;\nreturn cy\n  .then(() => state.onStartScenario(scenario, indexedSteps))\n  .then(() =>\n    resolveAndRunBeforeHooks.call(this, scenario.tags, state.feature.name)\n  )\n  .then(() =>\n    indexedSteps.forEach((step) =>\n      stepTest.call(this, state, step, rowData)\n    )\n  )\n  .then(() => state.onFinishScenario(scenario));",
              "err": {},
              "uuid": "2a766f0e-4a09-4609-a0c2-e0b0de8150e5",
              "parentUUID": "04280e88-1f26-48ce-a16a-f495703661e3",
              "isHook": false,
              "skipped": false
            },
            {
              "title": "Validate cart badge count",
              "fullTitle": "Shopping Cart Validate cart badge count",
              "timedOut": null,
              "duration": 1306,
              "state": "passed",
              "speed": "fast",
              "pass": true,
              "fail": false,
              "pending": false,
              "context": null,
              "code": "const state = window.testState;\nreturn cy\n  .then(() => state.onStartScenario(scenario, indexedSteps))\n  .then(() =>\n    resolveAndRunBeforeHooks.call(this, scenario.tags, state.feature.name)\n  )\n  .then(() =>\n    indexedSteps.forEach((step) =>\n      stepTest.call(this, state, step, rowData)\n    )\n  )\n  .then(() => state.onFinishScenario(scenario));",
              "err": {},
              "uuid": "1ed2578c-ed70-4e9a-87ec-fe293325a51c",
              "parentUUID": "04280e88-1f26-48ce-a16a-f495703661e3",
              "isHook": false,
              "skipped": false
            }
          ],
          "suites": [],
          "passes": [
            "e453e741-473c-4fbd-973d-9c29e9d7d348",
            "761d46e3-1358-460f-a5c2-71fa9ad8dac6",
            "9e747a93-a929-4bfb-98c2-c19673abb0e1",
            "2a766f0e-4a09-4609-a0c2-e0b0de8150e5",
            "1ed2578c-ed70-4e9a-87ec-fe293325a51c"
          ],
          "failures": [],
          "pending": [],
          "skipped": [],
          "duration": 30156,
          "root": false,
          "rootEmpty": false,
          "_timeout": 2000
        }
      ],
      "passes": [],
      "failures": [],
      "pending": [],
      "skipped": [],
      "duration": 0,
      "root": true,
      "rootEmpty": true,
      "_timeout": 2000
    }
  ],
  "meta": {
    "mocha": {
      "version": "7.2.0"
    },
    "mochawesome": {
      "options": {
        "quiet": false,
        "reportFilename": "mochawesome",
        "saveHtml": false,
        "saveJson": true,
        "consoleReporter": "spec",
        "useInlineDiffs": false,
        "code": true
      },
      "version": "7.1.3"
    },
    "marge": {
      "options": {
        "reportDir": "cypress/reports",
        "overwrite": false,
        "html": false,
        "json": true
      },
      "version": "6.2.0"
    }
  }
}