{
  "stats": {
    "suites": 1,
    "tests": 5,
    "passes": 5,
    "pending": 0,
    "failures": 0,
    "start": "2025-07-04T08:54:54.236Z",
    "end": "2025-07-04T08:55:02.310Z",
    "duration": 8074,
    "testsRegistered": 5,
    "passPercent": 100,
    "pendingPercent": 0,
    "other": 0,
    "hasOther": false,
    "skipped": 0,
    "hasSkipped": false
  },
  "results": [
    {
      "uuid": "f8b1dad9-13f6-4e33-b1c0-6287b3aa5ded",
      "title": "",
      "fullFile": "cypress\\e2e\\features\\login.feature",
      "file": "cypress\\e2e\\features\\login.feature",
      "beforeHooks": [],
      "afterHooks": [],
      "tests": [],
      "suites": [
        {
          "uuid": "683c1cdf-f631-4f11-84fb-73412a2da71c",
          "title": "Login Functionality",
          "fullFile": "",
          "file": "",
          "beforeHooks": [],
          "afterHooks": [],
          "tests": [
            {
              "title": "Successful login with valid credentials",
              "fullTitle": "Login Functionality Successful login with valid credentials",
              "timedOut": null,
              "duration": 2347,
              "state": "passed",
              "speed": "fast",
              "pass": true,
              "fail": false,
              "pending": false,
              "context": null,
              "code": "const state = window.testState;\nreturn cy\n  .then(() => state.onStartScenario(scenario, indexedSteps))\n  .then(() =>\n    resolveAndRunBeforeHooks.call(this, scenario.tags, state.feature.name)\n  )\n  .then(() =>\n    indexedSteps.forEach((step) =>\n      stepTest.call(this, state, step, rowData)\n    )\n  )\n  .then(() => state.onFinishScenario(scenario));",
              "err": {},
              "uuid": "f8cf2c39-1b42-4b1b-b731-d1567c7bcf62",
              "parentUUID": "683c1cdf-f631-4f11-84fb-73412a2da71c",
              "isHook": false,
              "skipped": false
            },
            {
              "title": "Unsuccessful login with invalid credentials",
              "fullTitle": "Login Functionality Unsuccessful login with invalid credentials",
              "timedOut": null,
              "duration": 1602,
              "state": "passed",
              "speed": "fast",
              "pass": true,
              "fail": false,
              "pending": false,
              "context": null,
              "code": "const state = window.testState;\nreturn cy\n  .then(() => state.onStartScenario(scenario, indexedSteps))\n  .then(() =>\n    resolveAndRunBeforeHooks.call(this, scenario.tags, state.feature.name)\n  )\n  .then(() =>\n    indexedSteps.forEach((step) =>\n      stepTest.call(this, state, step, rowData)\n    )\n  )\n  .then(() => state.onFinishScenario(scenario));",
              "err": {},
              "uuid": "22a56a39-3e4a-433d-aa12-da278999fcff",
              "parentUUID": "683c1cdf-f631-4f11-84fb-73412a2da71c",
              "isHook": false,
              "skipped": false
            },
            {
              "title": "Login with blank password",
              "fullTitle": "Login Functionality Login with blank password",
              "timedOut": null,
              "duration": 689,
              "state": "passed",
              "speed": "fast",
              "pass": true,
              "fail": false,
              "pending": false,
              "context": null,
              "code": "const state = window.testState;\nreturn cy\n  .then(() => state.onStartScenario(scenario, indexedSteps))\n  .then(() =>\n    resolveAndRunBeforeHooks.call(this, scenario.tags, state.feature.name)\n  )\n  .then(() =>\n    indexedSteps.forEach((step) =>\n      stepTest.call(this, state, step, rowData)\n    )\n  )\n  .then(() => state.onFinishScenario(scenario));",
              "err": {},
              "uuid": "e34e02da-6d24-4dbc-ab77-883e5cf05a89",
              "parentUUID": "683c1cdf-f631-4f11-84fb-73412a2da71c",
              "isHook": false,
              "skipped": false
            },
            {
              "title": "Login with blank username",
              "fullTitle": "Login Functionality Login with blank username",
              "timedOut": null,
              "duration": 629,
              "state": "passed",
              "speed": "fast",
              "pass": true,
              "fail": false,
              "pending": false,
              "context": null,
              "code": "const state = window.testState;\nreturn cy\n  .then(() => state.onStartScenario(scenario, indexedSteps))\n  .then(() =>\n    resolveAndRunBeforeHooks.call(this, scenario.tags, state.feature.name)\n  )\n  .then(() =>\n    indexedSteps.forEach((step) =>\n      stepTest.call(this, state, step, rowData)\n    )\n  )\n  .then(() => state.onFinishScenario(scenario));",
              "err": {},
              "uuid": "5c378e5a-b47e-4467-97cb-f1bcba0c0a10",
              "parentUUID": "683c1cdf-f631-4f11-84fb-73412a2da71c",
              "isHook": false,
              "skipped": false
            },
            {
              "title": "Login with user locked out",
              "fullTitle": "Login Functionality Login with user locked out",
              "timedOut": null,
              "duration": 2386,
              "state": "passed",
              "speed": "fast",
              "pass": true,
              "fail": false,
              "pending": false,
              "context": null,
              "code": "const state = window.testState;\nreturn cy\n  .then(() => state.onStartScenario(scenario, indexedSteps))\n  .then(() =>\n    resolveAndRunBeforeHooks.call(this, scenario.tags, state.feature.name)\n  )\n  .then(() =>\n    indexedSteps.forEach((step) =>\n      stepTest.call(this, state, step, rowData)\n    )\n  )\n  .then(() => state.onFinishScenario(scenario));",
              "err": {},
              "uuid": "367b4f57-9c16-489d-8388-d4bf5680968e",
              "parentUUID": "683c1cdf-f631-4f11-84fb-73412a2da71c",
              "isHook": false,
              "skipped": false
            }
          ],
          "suites": [],
          "passes": [
            "f8cf2c39-1b42-4b1b-b731-d1567c7bcf62",
            "22a56a39-3e4a-433d-aa12-da278999fcff",
            "e34e02da-6d24-4dbc-ab77-883e5cf05a89",
            "5c378e5a-b47e-4467-97cb-f1bcba0c0a10",
            "367b4f57-9c16-489d-8388-d4bf5680968e"
          ],
          "failures": [],
          "pending": [],
          "skipped": [],
          "duration": 7653,
          "root": false,
          "rootEmpty": false,
          "_timeout": 2000
        }
      ],
      "passes": [],
      "failures": [],
      "pending": [],
      "skipped": [],
      "duration": 0,
      "root": true,
      "rootEmpty": true,
      "_timeout": 2000
    }
  ],
  "meta": {
    "mocha": {
      "version": "7.2.0"
    },
    "mochawesome": {
      "options": {
        "quiet": false,
        "reportFilename": "mochawesome",
        "saveHtml": false,
        "saveJson": true,
        "consoleReporter": "spec",
        "useInlineDiffs": false,
        "code": true
      },
      "version": "7.1.3"
    },
    "marge": {
      "options": {
        "reportDir": "cypress/reports",
        "overwrite": false,
        "html": false,
        "json": true
      },
      "version": "6.2.0"
    }
  }
}