{
  "stats": {
    "suites": 3,
    "tests": 15,
    "passes": 15,
    "pending": 0,
    "failures": 0,
    "testsRegistered": 15,
    "passPercent": 100,
    "pendingPercent": 0,
    "other": 0,
    "hasOther": false,
    "skipped": 0,
    "hasSkipped": false,
    "start": "2025-07-04T08:54:34.333Z",
    "end": "2025-07-04T08:55:37.912Z",
    "duration": 63579
  },
  "results": [
    {
      "uuid": "f8b1dad9-13f6-4e33-b1c0-6287b3aa5ded",
      "title": "",
      "fullFile": "cypress\\e2e\\features\\login.feature",
      "file": "cypress\\e2e\\features\\login.feature",
      "beforeHooks": [],
      "afterHooks": [],
      "tests": [],
      "suites": [
        {
          "uuid": "683c1cdf-f631-4f11-84fb-73412a2da71c",
          "title": "Login Functionality",
          "fullFile": "",
          "file": "",
          "beforeHooks": [],
          "afterHooks": [],
          "tests": [
            {
              "title": "Successful login with valid credentials",
              "fullTitle": "Login Functionality Successful login with valid credentials",
              "timedOut": null,
              "duration": 2347,
              "state": "passed",
              "speed": "fast",
              "pass": true,
              "fail": false,
              "pending": false,
              "context": null,
              "code": "const state = window.testState;\nreturn cy\n  .then(() => state.onStartScenario(scenario, indexedSteps))\n  .then(() =>\n    resolveAndRunBeforeHooks.call(this, scenario.tags, state.feature.name)\n  )\n  .then(() =>\n    indexedSteps.forEach((step) =>\n      stepTest.call(this, state, step, rowData)\n    )\n  )\n  .then(() => state.onFinishScenario(scenario));",
              "err": {},
              "uuid": "f8cf2c39-1b42-4b1b-b731-d1567c7bcf62",
              "parentUUID": "683c1cdf-f631-4f11-84fb-73412a2da71c",
              "isHook": false,
              "skipped": false
            },
            {
              "title": "Unsuccessful login with invalid credentials",
              "fullTitle": "Login Functionality Unsuccessful login with invalid credentials",
              "timedOut": null,
              "duration": 1602,
              "state": "passed",
              "speed": "fast",
              "pass": true,
              "fail": false,
              "pending": false,
              "context": null,
              "code": "const state = window.testState;\nreturn cy\n  .then(() => state.onStartScenario(scenario, indexedSteps))\n  .then(() =>\n    resolveAndRunBeforeHooks.call(this, scenario.tags, state.feature.name)\n  )\n  .then(() =>\n    indexedSteps.forEach((step) =>\n      stepTest.call(this, state, step, rowData)\n    )\n  )\n  .then(() => state.onFinishScenario(scenario));",
              "err": {},
              "uuid": "22a56a39-3e4a-433d-aa12-da278999fcff",
              "parentUUID": "683c1cdf-f631-4f11-84fb-73412a2da71c",
              "isHook": false,
              "skipped": false
            },
            {
              "title": "Login with blank password",
              "fullTitle": "Login Functionality Login with blank password",
              "timedOut": null,
              "duration": 689,
              "state": "passed",
              "speed": "fast",
              "pass": true,
              "fail": false,
              "pending": false,
              "context": null,
              "code": "const state = window.testState;\nreturn cy\n  .then(() => state.onStartScenario(scenario, indexedSteps))\n  .then(() =>\n    resolveAndRunBeforeHooks.call(this, scenario.tags, state.feature.name)\n  )\n  .then(() =>\n    indexedSteps.forEach((step) =>\n      stepTest.call(this, state, step, rowData)\n    )\n  )\n  .then(() => state.onFinishScenario(scenario));",
              "err": {},
              "uuid": "e34e02da-6d24-4dbc-ab77-883e5cf05a89",
              "parentUUID": "683c1cdf-f631-4f11-84fb-73412a2da71c",
              "isHook": false,
              "skipped": false
            },
            {
              "title": "Login with blank username",
              "fullTitle": "Login Functionality Login with blank username",
              "timedOut": null,
              "duration": 629,
              "state": "passed",
              "speed": "fast",
              "pass": true,
              "fail": false,
              "pending": false,
              "context": null,
              "code": "const state = window.testState;\nreturn cy\n  .then(() => state.onStartScenario(scenario, indexedSteps))\n  .then(() =>\n    resolveAndRunBeforeHooks.call(this, scenario.tags, state.feature.name)\n  )\n  .then(() =>\n    indexedSteps.forEach((step) =>\n      stepTest.call(this, state, step, rowData)\n    )\n  )\n  .then(() => state.onFinishScenario(scenario));",
              "err": {},
              "uuid": "5c378e5a-b47e-4467-97cb-f1bcba0c0a10",
              "parentUUID": "683c1cdf-f631-4f11-84fb-73412a2da71c",
              "isHook": false,
              "skipped": false
            },
            {
              "title": "Login with user locked out",
              "fullTitle": "Login Functionality Login with user locked out",
              "timedOut": null,
              "duration": 2386,
              "state": "passed",
              "speed": "fast",
              "pass": true,
              "fail": false,
              "pending": false,
              "context": null,
              "code": "const state = window.testState;\nreturn cy\n  .then(() => state.onStartScenario(scenario, indexedSteps))\n  .then(() =>\n    resolveAndRunBeforeHooks.call(this, scenario.tags, state.feature.name)\n  )\n  .then(() =>\n    indexedSteps.forEach((step) =>\n      stepTest.call(this, state, step, rowData)\n    )\n  )\n  .then(() => state.onFinishScenario(scenario));",
              "err": {},
              "uuid": "367b4f57-9c16-489d-8388-d4bf5680968e",
              "parentUUID": "683c1cdf-f631-4f11-84fb-73412a2da71c",
              "isHook": false,
              "skipped": false
            }
          ],
          "suites": [],
          "passes": [
            "f8cf2c39-1b42-4b1b-b731-d1567c7bcf62",
            "22a56a39-3e4a-433d-aa12-da278999fcff",
            "e34e02da-6d24-4dbc-ab77-883e5cf05a89",
            "5c378e5a-b47e-4467-97cb-f1bcba0c0a10",
            "367b4f57-9c16-489d-8388-d4bf5680968e"
          ],
          "failures": [],
          "pending": [],
          "skipped": [],
          "duration": 7653,
          "root": false,
          "rootEmpty": false,
          "_timeout": 2000
        }
      ],
      "passes": [],
      "failures": [],
      "pending": [],
      "skipped": [],
      "duration": 0,
      "root": true,
      "rootEmpty": true,
      "_timeout": 2000
    },
    {
      "uuid": "b462621e-9b9e-42f6-9ca7-e7bf9f267e3c",
      "title": "",
      "fullFile": "cypress\\e2e\\features\\shoppingCart.feature",
      "file": "cypress\\e2e\\features\\shoppingCart.feature",
      "beforeHooks": [],
      "afterHooks": [],
      "tests": [],
      "suites": [
        {
          "uuid": "04280e88-1f26-48ce-a16a-f495703661e3",
          "title": "Shopping Cart",
          "fullFile": "",
          "file": "",
          "beforeHooks": [],
          "afterHooks": [],
          "tests": [
            {
              "title": "Add item to cart",
              "fullTitle": "Shopping Cart Add item to cart",
              "timedOut": null,
              "duration": 24400,
              "state": "passed",
              "speed": "slow",
              "pass": true,
              "fail": false,
              "pending": false,
              "context": null,
              "code": "const state = window.testState;\nreturn cy\n  .then(() => state.onStartScenario(scenario, indexedSteps))\n  .then(() =>\n    resolveAndRunBeforeHooks.call(this, scenario.tags, state.feature.name)\n  )\n  .then(() =>\n    indexedSteps.forEach((step) =>\n      stepTest.call(this, state, step, rowData)\n    )\n  )\n  .then(() => state.onFinishScenario(scenario));",
              "err": {},
              "uuid": "e453e741-473c-4fbd-973d-9c29e9d7d348",
              "parentUUID": "04280e88-1f26-48ce-a16a-f495703661e3",
              "isHook": false,
              "skipped": false
            },
            {
              "title": "Remove item from cart",
              "fullTitle": "Shopping Cart Remove item from cart",
              "timedOut": null,
              "duration": 1535,
              "state": "passed",
              "speed": "fast",
              "pass": true,
              "fail": false,
              "pending": false,
              "context": null,
              "code": "const state = window.testState;\nreturn cy\n  .then(() => state.onStartScenario(scenario, indexedSteps))\n  .then(() =>\n    resolveAndRunBeforeHooks.call(this, scenario.tags, state.feature.name)\n  )\n  .then(() =>\n    indexedSteps.forEach((step) =>\n      stepTest.call(this, state, step, rowData)\n    )\n  )\n  .then(() => state.onFinishScenario(scenario));",
              "err": {},
              "uuid": "761d46e3-1358-460f-a5c2-71fa9ad8dac6",
              "parentUUID": "04280e88-1f26-48ce-a16a-f495703661e3",
              "isHook": false,
              "skipped": false
            },
            {
              "title": "Add multiple products",
              "fullTitle": "Shopping Cart Add multiple products",
              "timedOut": null,
              "duration": 1508,
              "state": "passed",
              "speed": "fast",
              "pass": true,
              "fail": false,
              "pending": false,
              "context": null,
              "code": "const state = window.testState;\nreturn cy\n  .then(() => state.onStartScenario(scenario, indexedSteps))\n  .then(() =>\n    resolveAndRunBeforeHooks.call(this, scenario.tags, state.feature.name)\n  )\n  .then(() =>\n    indexedSteps.forEach((step) =>\n      stepTest.call(this, state, step, rowData)\n    )\n  )\n  .then(() => state.onFinishScenario(scenario));",
              "err": {},
              "uuid": "9e747a93-a929-4bfb-98c2-c19673abb0e1",
              "parentUUID": "04280e88-1f26-48ce-a16a-f495703661e3",
              "isHook": false,
              "skipped": false
            },
            {
              "title": "Remove one of multiple items",
              "fullTitle": "Shopping Cart Remove one of multiple items",
              "timedOut": null,
              "duration": 1407,
              "state": "passed",
              "speed": "fast",
              "pass": true,
              "fail": false,
              "pending": false,
              "context": null,
              "code": "const state = window.testState;\nreturn cy\n  .then(() => state.onStartScenario(scenario, indexedSteps))\n  .then(() =>\n    resolveAndRunBeforeHooks.call(this, scenario.tags, state.feature.name)\n  )\n  .then(() =>\n    indexedSteps.forEach((step) =>\n      stepTest.call(this, state, step, rowData)\n    )\n  )\n  .then(() => state.onFinishScenario(scenario));",
              "err": {},
              "uuid": "2a766f0e-4a09-4609-a0c2-e0b0de8150e5",
              "parentUUID": "04280e88-1f26-48ce-a16a-f495703661e3",
              "isHook": false,
              "skipped": false
            },
            {
              "title": "Validate cart badge count",
              "fullTitle": "Shopping Cart Validate cart badge count",
              "timedOut": null,
              "duration": 1306,
              "state": "passed",
              "speed": "fast",
              "pass": true,
              "fail": false,
              "pending": false,
              "context": null,
              "code": "const state = window.testState;\nreturn cy\n  .then(() => state.onStartScenario(scenario, indexedSteps))\n  .then(() =>\n    resolveAndRunBeforeHooks.call(this, scenario.tags, state.feature.name)\n  )\n  .then(() =>\n    indexedSteps.forEach((step) =>\n      stepTest.call(this, state, step, rowData)\n    )\n  )\n  .then(() => state.onFinishScenario(scenario));",
              "err": {},
              "uuid": "1ed2578c-ed70-4e9a-87ec-fe293325a51c",
              "parentUUID": "04280e88-1f26-48ce-a16a-f495703661e3",
              "isHook": false,
              "skipped": false
            }
          ],
          "suites": [],
          "passes": [
            "e453e741-473c-4fbd-973d-9c29e9d7d348",
            "761d46e3-1358-460f-a5c2-71fa9ad8dac6",
            "9e747a93-a929-4bfb-98c2-c19673abb0e1",
            "2a766f0e-4a09-4609-a0c2-e0b0de8150e5",
            "1ed2578c-ed70-4e9a-87ec-fe293325a51c"
          ],
          "failures": [],
          "pending": [],
          "skipped": [],
          "duration": 30156,
          "root": false,
          "rootEmpty": false,
          "_timeout": 2000
        }
      ],
      "passes": [],
      "failures": [],
      "pending": [],
      "skipped": [],
      "duration": 0,
      "root": true,
      "rootEmpty": true,
      "_timeout": 2000
    },
    {
      "uuid": "1bd876d8-811b-45da-89dc-248b144c0cf2",
      "title": "",
      "fullFile": "cypress\\e2e\\features\\checkout.feature",
      "file": "cypress\\e2e\\features\\checkout.feature",
      "beforeHooks": [],
      "afterHooks": [],
      "tests": [],
      "suites": [
        {
          "uuid": "62c68961-3605-414c-9494-0b9d117e2a49",
          "title": "Checkout Process",
          "fullFile": "",
          "file": "",
          "beforeHooks": [],
          "afterHooks": [],
          "tests": [
            {
              "title": "Successful checkout",
              "fullTitle": "Checkout Process Successful checkout",
              "timedOut": null,
              "duration": 5479,
              "state": "passed",
              "speed": "medium",
              "pass": true,
              "fail": false,
              "pending": false,
              "context": null,
              "code": "const state = window.testState;\nreturn cy\n  .then(() => state.onStartScenario(scenario, indexedSteps))\n  .then(() =>\n    resolveAndRunBeforeHooks.call(this, scenario.tags, state.feature.name)\n  )\n  .then(() =>\n    indexedSteps.forEach((step) =>\n      stepTest.call(this, state, step, rowData)\n    )\n  )\n  .then(() => state.onFinishScenario(scenario));",
              "err": {},
              "uuid": "bc5b710f-362d-48ca-99ab-5422a3c85ddd",
              "parentUUID": "62c68961-3605-414c-9494-0b9d117e2a49",
              "isHook": false,
              "skipped": false
            },
            {
              "title": "Checkout with missing first name",
              "fullTitle": "Checkout Process Checkout with missing first name",
              "timedOut": null,
              "duration": 2512,
              "state": "passed",
              "speed": "fast",
              "pass": true,
              "fail": false,
              "pending": false,
              "context": null,
              "code": "const state = window.testState;\nreturn cy\n  .then(() => state.onStartScenario(scenario, indexedSteps))\n  .then(() =>\n    resolveAndRunBeforeHooks.call(this, scenario.tags, state.feature.name)\n  )\n  .then(() =>\n    indexedSteps.forEach((step) =>\n      stepTest.call(this, state, step, rowData)\n    )\n  )\n  .then(() => state.onFinishScenario(scenario));",
              "err": {},
              "uuid": "e5812854-2e4f-4f5d-a526-fa6f4807f572",
              "parentUUID": "62c68961-3605-414c-9494-0b9d117e2a49",
              "isHook": false,
              "skipped": false
            },
            {
              "title": "Checkout with missing postal code",
              "fullTitle": "Checkout Process Checkout with missing postal code",
              "timedOut": null,
              "duration": 1783,
              "state": "passed",
              "speed": "fast",
              "pass": true,
              "fail": false,
              "pending": false,
              "context": null,
              "code": "const state = window.testState;\nreturn cy\n  .then(() => state.onStartScenario(scenario, indexedSteps))\n  .then(() =>\n    resolveAndRunBeforeHooks.call(this, scenario.tags, state.feature.name)\n  )\n  .then(() =>\n    indexedSteps.forEach((step) =>\n      stepTest.call(this, state, step, rowData)\n    )\n  )\n  .then(() => state.onFinishScenario(scenario));",
              "err": {},
              "uuid": "10565605-56ec-485b-9f96-23c46347c4f1",
              "parentUUID": "62c68961-3605-414c-9494-0b9d117e2a49",
              "isHook": false,
              "skipped": false
            },
            {
              "title": "Verify total price with multiple items",
              "fullTitle": "Checkout Process Verify total price with multiple items",
              "timedOut": null,
              "duration": 2122,
              "state": "passed",
              "speed": "fast",
              "pass": true,
              "fail": false,
              "pending": false,
              "context": null,
              "code": "const state = window.testState;\nreturn cy\n  .then(() => state.onStartScenario(scenario, indexedSteps))\n  .then(() =>\n    resolveAndRunBeforeHooks.call(this, scenario.tags, state.feature.name)\n  )\n  .then(() =>\n    indexedSteps.forEach((step) =>\n      stepTest.call(this, state, step, rowData)\n    )\n  )\n  .then(() => state.onFinishScenario(scenario));",
              "err": {},
              "uuid": "64ad8434-8d6b-442c-a591-93192cb076de",
              "parentUUID": "62c68961-3605-414c-9494-0b9d117e2a49",
              "isHook": false,
              "skipped": false
            },
            {
              "title": "Cancel checkout process",
              "fullTitle": "Checkout Process Cancel checkout process",
              "timedOut": null,
              "duration": 1716,
              "state": "passed",
              "speed": "fast",
              "pass": true,
              "fail": false,
              "pending": false,
              "context": null,
              "code": "const state = window.testState;\nreturn cy\n  .then(() => state.onStartScenario(scenario, indexedSteps))\n  .then(() =>\n    resolveAndRunBeforeHooks.call(this, scenario.tags, state.feature.name)\n  )\n  .then(() =>\n    indexedSteps.forEach((step) =>\n      stepTest.call(this, state, step, rowData)\n    )\n  )\n  .then(() => state.onFinishScenario(scenario));",
              "err": {},
              "uuid": "143d4749-2e9b-482e-b2b1-25655cfc561c",
              "parentUUID": "62c68961-3605-414c-9494-0b9d117e2a49",
              "isHook": false,
              "skipped": false
            }
          ],
          "suites": [],
          "passes": [
            "bc5b710f-362d-48ca-99ab-5422a3c85ddd",
            "e5812854-2e4f-4f5d-a526-fa6f4807f572",
            "10565605-56ec-485b-9f96-23c46347c4f1",
            "64ad8434-8d6b-442c-a591-93192cb076de",
            "143d4749-2e9b-482e-b2b1-25655cfc561c"
          ],
          "failures": [],
          "pending": [],
          "skipped": [],
          "duration": 13612,
          "root": false,
          "rootEmpty": false,
          "_timeout": 2000
        }
      ],
      "passes": [],
      "failures": [],
      "pending": [],
      "skipped": [],
      "duration": 0,
      "root": true,
      "rootEmpty": true,
      "_timeout": 2000
    }
  ],
  "meta": {
    "mocha": {
      "version": "7.2.0"
    },
    "mochawesome": {
      "options": {
        "quiet": false,
        "reportFilename": "mochawesome",
        "saveHtml": false,
        "saveJson": true,
        "consoleReporter": "spec",
        "useInlineDiffs": false,
        "code": true
      },
      "version": "7.1.3"
    },
    "marge": {
      "options": {
        "reportDir": "cypress/reports",
        "overwrite": false,
        "html": false,
        "json": true
      },
      "version": "6.2.0"
    }
  }
}